<?xml version="1.0" encoding="UTF-8"?>
<testsuite name="SellerAnalysisTest" tests="2" skipped="0" failures="0" errors="0" timestamp="2019-09-14T00:10:02" hostname="JNakamura" time="0.0">
  <properties/>
  <testcase name="addAndCount" classname="SellerAnalysisTest" time="0.0"/>
  <testcase name="clearAndCount" classname="SellerAnalysisTest" time="0.0"/>
  <system-out><![CDATA[]]></system-out>
  <system-err><![CDATA[]]></system-err>
</testsuite>
