<?xml version="1.0" encoding="UTF-8"?>
<testsuite name="FileReadingTest" tests="1" skipped="0" failures="0" errors="0" timestamp="2019-09-13T16:37:31" hostname="JNakamura" time="0.0">
  <properties/>
  <testcase name="getData" classname="FileReadingTest" time="0.0"/>
  <system-out><![CDATA[]]></system-out>
  <system-err><![CDATA[]]></system-err>
</testsuite>
